mode: set
github.com/tangming579/operator-sample/v2/controllers/appservice_controller.go:55.102,61.16 5 0
github.com/tangming579/operator-sample/v2/controllers/appservice_controller.go:61.16,63.40 1 0
github.com/tangming579/operator-sample/v2/controllers/appservice_controller.go:63.40,65.4 1 0
github.com/tangming579/operator-sample/v2/controllers/appservice_controller.go:66.3,66.28 1 0
github.com/tangming579/operator-sample/v2/controllers/appservice_controller.go:68.2,71.89 3 0
github.com/tangming579/operator-sample/v2/controllers/appservice_controller.go:71.89,74.36 2 0
github.com/tangming579/operator-sample/v2/controllers/appservice_controller.go:74.36,76.4 1 0
github.com/tangming579/operator-sample/v2/controllers/appservice_controller.go:76.9,78.4 1 0
github.com/tangming579/operator-sample/v2/controllers/appservice_controller.go:79.3,79.59 1 0
github.com/tangming579/operator-sample/v2/controllers/appservice_controller.go:79.59,81.4 1 0
github.com/tangming579/operator-sample/v2/controllers/appservice_controller.go:84.3,85.54 2 0
github.com/tangming579/operator-sample/v2/controllers/appservice_controller.go:85.54,87.4 1 0
github.com/tangming579/operator-sample/v2/controllers/appservice_controller.go:89.3,90.48 2 0
github.com/tangming579/operator-sample/v2/controllers/appservice_controller.go:90.48,92.4 1 0
github.com/tangming579/operator-sample/v2/controllers/appservice_controller.go:93.3,93.28 1 0
github.com/tangming579/operator-sample/v2/controllers/appservice_controller.go:95.2,96.89 2 0
github.com/tangming579/operator-sample/v2/controllers/appservice_controller.go:96.89,98.3 1 0
github.com/tangming579/operator-sample/v2/controllers/appservice_controller.go:100.2,100.50 1 0
github.com/tangming579/operator-sample/v2/controllers/appservice_controller.go:100.50,104.67 3 0
github.com/tangming579/operator-sample/v2/controllers/appservice_controller.go:104.67,106.4 1 0
github.com/tangming579/operator-sample/v2/controllers/appservice_controller.go:107.3,108.57 2 0
github.com/tangming579/operator-sample/v2/controllers/appservice_controller.go:108.57,110.4 1 0
github.com/tangming579/operator-sample/v2/controllers/appservice_controller.go:112.3,114.68 3 0
github.com/tangming579/operator-sample/v2/controllers/appservice_controller.go:114.68,116.4 1 0
github.com/tangming579/operator-sample/v2/controllers/appservice_controller.go:118.3,120.58 3 0
github.com/tangming579/operator-sample/v2/controllers/appservice_controller.go:120.58,122.4 1 0
github.com/tangming579/operator-sample/v2/controllers/appservice_controller.go:123.3,123.28 1 0
github.com/tangming579/operator-sample/v2/controllers/appservice_controller.go:125.2,125.27 1 0
github.com/tangming579/operator-sample/v2/controllers/appservice_controller.go:129.73,133.2 1 0
